/mnt/lab_server/DURRIEU_Matthias/Experimental_data/MultiSensory_Project/GatedArenas/220728/Ctrl_Food/Starved_noWater/220728/100846_s0a0_p1-0/Ctrl_Food_Starved_noWater_p1-0_80fps.mp4
/mnt/lab_server/DURRIEU_Matthias/Experimental_data/MultiSensory_Project/GatedArenas/220728/Ctrl_Food/Starved_noWater/220728/122600_s0a0_p1-0/Ctrl_Food_Starved_noWater_p1-0_80fps.mp4
/mnt/lab_server/DURRIEU_Matthias/Experimental_data/MultiSensory_Project/GatedArenas/220728/Ctrl_Food/Starved_noWater/220728/095807_s0a0_p1-0/Ctrl_Food_Starved_noWater_p1-0_80fps_Corr.mp4
/mnt/lab_server/DURRIEU_Matthias/Experimental_data/MultiSensory_Project/GatedArenas/220728/Ctrl_Food/Starved_noWater/220728/121539_s0a0_p1-0/Ctrl_Food_Starved_noWater_p1-0_80fps.mp4
/mnt/lab_server/DURRIEU_Matthias/Experimental_data/MultiSensory_Project/GatedArenas/220728/Ctrl_Food/Starved_noWater/220728/114416_s0a0_p1-0/Ctrl_Food_Starved_noWater_p1-0_80fps.mp4
/mnt/lab_server/DURRIEU_Matthias/Experimental_data/MultiSensory_Project/GatedArenas/220728/Ctrl_Food/Starved_noWater/220728/104620_s0a0_p1-0/Ctrl_Food_Starved_noWater_p1-0_80fps.mp4
/mnt/lab_server/DURRIEU_Matthias/Experimental_data/MultiSensory_Project/GatedArenas/220728/Ctrl_Food/Starved_noWater/220728/105656_s0a0_p1-0/Ctrl_Food_Starved_noWater_p1-0_80fps.mp4
/mnt/lab_server/DURRIEU_Matthias/Experimental_data/MultiSensory_Project/GatedArenas/220728/Ctrl_Food/Starved_noWater/220728/113352_s0a0_p1-0/Ctrl_Food_Starved_noWater_p1-0_80fps.mp4
/mnt/lab_server/DURRIEU_Matthias/Experimental_data/MultiSensory_Project/GatedArenas/220728/Trained_Food/Starved_noWater/220728/111745_s0a0_p1-0/Trained_Food_Starved_noWater_p1-0_80fps.mp4
/mnt/lab_server/DURRIEU_Matthias/Experimental_data/MultiSensory_Project/GatedArenas/220728/Trained_Food/Starved_noWater/220728/110723_s0a0_p1-0/Trained_Food_Starved_noWater_p1-0_80fps.mp4
/mnt/lab_server/DURRIEU_Matthias/Experimental_data/MultiSensory_Project/GatedArenas/220728/Trained_Food/Starved_noWater/220728/103546_s0a0_p1-0/Trained_Food_Starved_noWater_p1-0_80fps.mp4
/mnt/lab_server/DURRIEU_Matthias/Experimental_data/MultiSensory_Project/GatedArenas/220728/Trained_Food/Starved_noWater/220728/115453_s0a0_p1-0/Trained_Food_Starved_noWater_p1-0_80fps.mp4
/mnt/lab_server/DURRIEU_Matthias/Experimental_data/MultiSensory_Project/GatedArenas/220728/Trained_Food/Starved_noWater/220728/094736_s0a0_p1-0/Trained_Food_Starved_noWater_p1-0_80fps.mp4
/mnt/lab_server/DURRIEU_Matthias/Experimental_data/MultiSensory_Project/GatedArenas/220728/Trained_Food/Starved_noWater/220728/120516_s0a0_p1-0/Trained_Food_Starved_noWater_p1-0_80fps.mp4
/mnt/lab_server/DURRIEU_Matthias/Experimental_data/MultiSensory_Project/GatedArenas/220728/Trained_Food/Starved_noWater/220728/101917_s0a0_p1-0/Trained_Food_Starved_noWater_p1-0_80fps_Corr.mp4
/mnt/lab_server/DURRIEU_Matthias/Experimental_data/MultiSensory_Project/GatedArenas/220729/Trained_Food/Starved_noWater/220729/084019_s0a0_p1-0/Trained_Food_Starved_noWater_p1-0_80fps.mp4
/mnt/lab_server/DURRIEU_Matthias/Experimental_data/MultiSensory_Project/GatedArenas/220729/Trained_Food/Starved_noWater/220729/101515_s0a0_p1-0/Trained_Food_Starved_noWater_p1-0_80fps.mp4
/mnt/lab_server/DURRIEU_Matthias/Experimental_data/MultiSensory_Project/GatedArenas/220729/Trained_Food/Starved_noWater/220729/094324_s0a0_p1-0/Trained_Food_Starved_noWater_p1-0_80fps.mp4
/mnt/lab_server/DURRIEU_Matthias/Experimental_data/MultiSensory_Project/GatedArenas/220729/Trained_Food/Starved_noWater/220729/091150_s0a0_p1-0/Trained_Food_Starved_noWater_p1-0_80fps.mp4
/mnt/lab_server/DURRIEU_Matthias/Experimental_data/MultiSensory_Project/GatedArenas/220729/Trained_Food/Starved_noWater/220729/104700_s0a0_p1-0/Trained_Food_Starved_noWater_p1-0_80fps.mp4
/mnt/lab_server/DURRIEU_Matthias/Experimental_data/MultiSensory_Project/GatedArenas/220729/Ctr_Food/Starved_noWater/220729/093253_s0a0_p1-0/Ctrl_Food_Starved_noWater_p1-0_80fps.mp4
/mnt/lab_server/DURRIEU_Matthias/Experimental_data/MultiSensory_Project/GatedArenas/220729/Ctr_Food/Starved_noWater/220729/082926_s0a0_p1-0/Ctrl_Food_Starved_noWater_p1-0_80fps.mp4
/mnt/lab_server/DURRIEU_Matthias/Experimental_data/MultiSensory_Project/GatedArenas/220729/Ctr_Food/Starved_noWater/220729/090121_s0a0_p1-0/Ctrl_Food_Starved_noWater_p1-0_80fps.mp4
/mnt/lab_server/DURRIEU_Matthias/Experimental_data/MultiSensory_Project/GatedArenas/220729/Ctr_Food/Starved_noWater/220729/110820_s0a0_p1-0/Ctrl_Food_Starved_noWater_p1-0_80fps.mp4
/mnt/lab_server/DURRIEU_Matthias/Experimental_data/MultiSensory_Project/GatedArenas/220729/Ctr_Food/Starved_noWater/220729/100440_s0a0_p1-0/Ctrl_Food_Starved_noWater_p1-0_80fps.mp4
/mnt/lab_server/DURRIEU_Matthias/Experimental_data/MultiSensory_Project/GatedArenas/220729/Ctr_Food/Starved_noWater/220729/103621_s0a0_p1-0/Ctrl_Food_Starved_noWater_p1-0_80fps.mp4
/mnt/lab_server/DURRIEU_Matthias/Experimental_data/MultiSensory_Project/GatedArenas/220729/Trained_Food_Starved_noWater/Starved_noWater/220729/105753_s0a0_p1-0/Trained_Food_Starved_noWater_Starved_noWater_p1-0_80fps.mp4
/mnt/lab_server/DURRIEU_Matthias/Experimental_data/MultiSensory_Project/GatedArenas/220729/Trained_Food_Starved_noWater/Starved_noWater/220729/102545_s0a0_p1-0/Trained_Food_Starved_noWater_Starved_noWater_p1-0_80fps.mp4
/mnt/lab_server/DURRIEU_Matthias/Experimental_data/MultiSensory_Project/GatedArenas/220729/Trained_Food_Starved_noWater/Starved_noWater/220729/095401_s0a0_p1-0/Trained_Food_Starved_noWater_Starved_noWater_p1-0_80fps.mp4
/mnt/lab_server/DURRIEU_Matthias/Experimental_data/MultiSensory_Project/GatedArenas/220729/Trained_Food_Starved_noWater/Starved_noWater/220729/111913_s0a0_p1-0/Trained_Food_Starved_noWater_Starved_noWater_p1-0_80fps.mp4
/mnt/lab_server/DURRIEU_Matthias/Experimental_data/MultiSensory_Project/GatedArenas/220729/Trained_Food_Starved_noWater/Starved_noWater/220729/085056_s0a0_p1-0/Trained_Food_Starved_noWater_Starved_noWater_p1-0_80fps.mp4
/mnt/lab_server/DURRIEU_Matthias/Experimental_data/MultiSensory_Project/GatedArenas/220729/Trained_Food_Starved_noWater/Starved_noWater/220729/092225_s0a0_p1-0/Trained_Food_Starved_noWater_Starved_noWater_p1-0_80fps.mp4
/mnt/lab_server/DURRIEU_Matthias/Experimental_data/MultiSensory_Project/GatedArenas/220804/Ctrl_Food_OrangeRew/Test_Starved_noWater_RightRew/220804/110553_s0a0_p0-0/Ctrl_Food_OrangeRew_Test_Starved_noWater_RightRew_p0-0_80fps.mp4
/mnt/lab_server/DURRIEU_Matthias/Experimental_data/MultiSensory_Project/GatedArenas/220804/Ctrl_Food_OrangeRew/Test_Starved_noWater_RightRew/220804/103410_s0a0_p0-0/Ctrl_Food_OrangeRew_Test_Starved_noWater_RightRew_p0-0_80fps.mp4
/mnt/lab_server/DURRIEU_Matthias/Experimental_data/MultiSensory_Project/GatedArenas/220804/Ctrl_Food_OrangeRew/Test_Starved_noWater_RightRew/220804/102346_s0a0_p0-0/Ctrl_Food_OrangeRew_Test_Starved_noWater_RightRew_p0-0_80fps.mp4
/mnt/lab_server/DURRIEU_Matthias/Experimental_data/MultiSensory_Project/GatedArenas/220804/Ctrl_Food_OrangeRew/Test_Starved_noWater_RightRew/220804/095116_s0a0_p0-0/Ctrl_Food_OrangeRew_Test_Starved_noWater_RightRew_p0-0_80fps.mp4
/mnt/lab_server/DURRIEU_Matthias/Experimental_data/MultiSensory_Project/GatedArenas/220804/Ctrl_Food_OrangeRew/Test_Starved_noWater_LeftRew/220804/114732_s0a0_p0-0/Ctrl_Food_OrangeRew_Test_Starved_noWater_LeftRew_p0-0_80fps.mp4
/mnt/lab_server/DURRIEU_Matthias/Experimental_data/MultiSensory_Project/GatedArenas/220804/Ctrl_Food_OrangeRew/Test_Starved_noWater_LeftRew/220804/122931_s0a0_p0-0/Ctrl_Food_OrangeRew_Test_Starved_noWater_LeftRew_p0-0_80fps.mp4
/mnt/lab_server/DURRIEU_Matthias/Experimental_data/MultiSensory_Project/GatedArenas/220804/Ctrl_Food_OrangeRew/Test_Starved_noWater_LeftRew/220804/111619_s0a0_p0-0/Ctrl_Food_OrangeRew_Test_Starved_noWater_LeftRew_p0-0_80fps.mp4
/mnt/lab_server/DURRIEU_Matthias/Experimental_data/MultiSensory_Project/GatedArenas/220804/Ctrl_Food_OrangeRew/Test_Starved_noWater_LeftRew/220804/115757_s0a0_p0-0/Ctrl_Food_OrangeRew_Test_Starved_noWater_LeftRew_p0-0_80fps.mp4
/mnt/lab_server/DURRIEU_Matthias/Experimental_data/MultiSensory_Project/GatedArenas/220804/Trained_Food_OrangeRew/Test_Starved_noWater_RightRew/220804/101315_s0a0_p0-0/Trained_Food_OrangeRew_Test_Starved_noWater_RightRew_p0-0_80fps.mp4
/mnt/lab_server/DURRIEU_Matthias/Experimental_data/MultiSensory_Project/GatedArenas/220804/Trained_Food_OrangeRew/Test_Starved_noWater_RightRew/220804/100254_s0a0_p0-0/Trained_Food_OrangeRew_Test_Starved_noWater_RightRew_p0-0_80fps.mp4
/mnt/lab_server/DURRIEU_Matthias/Experimental_data/MultiSensory_Project/GatedArenas/220804/Trained_Food_OrangeRew/Test_Starved_noWater_RightRew/220804/104511_s0a0_p0-0/Trained_Food_OrangeRew_Test_Starved_noWater_RightRew_p0-0_80fps.mp4
/mnt/lab_server/DURRIEU_Matthias/Experimental_data/MultiSensory_Project/GatedArenas/220804/Trained_Food_OrangeRew/Test_Starved_noWater_RightRew/220804/105531_s0a0_p0-0/Trained_Food_OrangeRew_Test_Starved_noWater_RightRew_p0-0_80fps.mp4
/mnt/lab_server/DURRIEU_Matthias/Experimental_data/MultiSensory_Project/GatedArenas/220804/Trained_Food_OrangeRew/Test_Starved_noWater_LeftRew/220804/120820_s0a0_p0-0/Trained_Food_OrangeRew_Test_Starved_noWater_LeftRew_p0-0_80fps.mp4
/mnt/lab_server/DURRIEU_Matthias/Experimental_data/MultiSensory_Project/GatedArenas/220804/Trained_Food_OrangeRew/Test_Starved_noWater_LeftRew/220804/121841_s0a0_p0-0/Trained_Food_OrangeRew_Test_Starved_noWater_LeftRew_p0-0_80fps.mp4
/mnt/lab_server/DURRIEU_Matthias/Experimental_data/MultiSensory_Project/GatedArenas/220804/Trained_Food_OrangeRew/Test_Starved_noWater_LeftRew/220804/113705_s0a0_p0-0/Trained_Food_OrangeRew_Test_Starved_noWater_LeftRew_p0-0_80fps.mp4
/mnt/lab_server/DURRIEU_Matthias/Experimental_data/MultiSensory_Project/GatedArenas/220804/Trained_Food_OrangeRew/Test_Starved_noWater_LeftRew/220804/112647_s0a0_p0-0/Trained_Food_OrangeRew_Test_Starved_noWater_LeftRew_p0-0_80fps.mp4
/mnt/lab_server/DURRIEU_Matthias/Experimental_data/MultiSensory_Project/GatedArenas_Agar/220811/Trained_Agar_BlueRew/Starved_noWater_RightRew/220811/102921_s0a0_p6-0/Trained_Agar_BlueRew_Starved_noWater_RightRew_p6-0_80fps.mp4
/mnt/lab_server/DURRIEU_Matthias/Experimental_data/MultiSensory_Project/GatedArenas_Agar/220811/Trained_Agar_BlueRew/Starved_noWater_RightRew/220811/093657_s0a0_p6-0/Trained_Agar_BlueRew_Starved_noWater_RightRew_p6-0_80fps.mp4
/mnt/lab_server/DURRIEU_Matthias/Experimental_data/MultiSensory_Project/GatedArenas_Agar/220811/Trained_Agar_BlueRew/Starved_noWater_RightRew/220811/094725_s0a0_p6-0/Trained_Agar_BlueRew_Starved_noWater_RightRew_p6-0_80fps.mp4
/mnt/lab_server/DURRIEU_Matthias/Experimental_data/MultiSensory_Project/GatedArenas_Agar/220811/Trained_Agar_BlueRew/Starved_noWater_RightRew/220811/101903_s0a0_p6-0/Trained_Agar_BlueRew_Starved_noWater_RightRew_p6-0_80fps.mp4
/mnt/lab_server/DURRIEU_Matthias/Experimental_data/MultiSensory_Project/GatedArenas_Agar/220811/Trained_Agar_BlueRew/Starved_noWater_LeftRew/220811/114907_s0a0_p6-0/Trained_Agar_BlueRew_Starved_noWater_LeftRew_p6-0_80fps.mp4
/mnt/lab_server/DURRIEU_Matthias/Experimental_data/MultiSensory_Project/GatedArenas_Agar/220811/Trained_Agar_BlueRew/Starved_noWater_LeftRew/220811/115949_s0a0_p6-0/Trained_Agar_BlueRew_Starved_noWater_LeftRew_p6-0_80fps.mp4
/mnt/lab_server/DURRIEU_Matthias/Experimental_data/MultiSensory_Project/GatedArenas_Agar/220811/Trained_Agar_BlueRew/Starved_noWater_LeftRew/220811/110549_s0a0_p6-0/Trained_Agar_BlueRew_Starved_noWater_LeftRew_p6-0_80fps.mp4
/mnt/lab_server/DURRIEU_Matthias/Experimental_data/MultiSensory_Project/GatedArenas_Agar/220811/Trained_Agar_BlueRew/Starved_noWater_LeftRew/220811/111629_s0a0_p6-0/Trained_Agar_BlueRew_Starved_noWater_LeftRew_p6-0_80fps.mp4
/mnt/lab_server/DURRIEU_Matthias/Experimental_data/MultiSensory_Project/GatedArenas_Agar/220811/Ctrl_Agar_BlueRew/Starved_noWater_RightRew/220811/092632_s0a0_p6-0/Ctrl_Agar_BlueRew_Starved_noWater_RightRew_p6-0_80fps.mp4
/mnt/lab_server/DURRIEU_Matthias/Experimental_data/MultiSensory_Project/GatedArenas_Agar/220811/Ctrl_Agar_BlueRew/Starved_noWater_RightRew/220811/100840_s0a0_p6-0/Ctrl_Agar_BlueRew_Starved_noWater_RightRew_p6-0_80fps.mp4
/mnt/lab_server/DURRIEU_Matthias/Experimental_data/MultiSensory_Project/GatedArenas_Agar/220811/Ctrl_Agar_BlueRew/Starved_noWater_RightRew/220811/103952_s0a0_p6-0/Ctrl_Agar_BlueRew_Starved_noWater_RightRew_p6-0_80fps.mp4
/mnt/lab_server/DURRIEU_Matthias/Experimental_data/MultiSensory_Project/GatedArenas_Agar/220811/Ctrl_Agar_BlueRew/Starved_noWater_RightRew/220811/095818_s0a0_p6-0/Ctrl_Agar_BlueRew_Starved_noWater_RightRew_p6-0_80fps.mp4
/mnt/lab_server/DURRIEU_Matthias/Experimental_data/MultiSensory_Project/GatedArenas_Agar/220811/Ctrl_Agar_BlueRew/Starved_noWater_LeftRew/220811/113804_s0a0_p6-0/Ctrl_Agar_BlueRew_Starved_noWater_LeftRew_p6-0_80fps.mp4
/mnt/lab_server/DURRIEU_Matthias/Experimental_data/MultiSensory_Project/GatedArenas_Agar/220811/Ctrl_Agar_BlueRew/Starved_noWater_LeftRew/220811/105525_s0a0_p6-0/Ctrl_Agar_BlueRew_Starved_noWater_LeftRew_p6-0_80fps.mp4
/mnt/lab_server/DURRIEU_Matthias/Experimental_data/MultiSensory_Project/GatedArenas_Agar/220811/Ctrl_Agar_BlueRew/Starved_noWater_LeftRew/220811/112728_s0a0_p6-0/Ctrl_Agar_BlueRew_Starved_noWater_LeftRew_p6-0_80fps.mp4
/mnt/lab_server/DURRIEU_Matthias/Experimental_data/MultiSensory_Project/GatedArenas_Agar/220811/Ctrl_Agar_BlueRew/Starved_noWater_LeftRew/220811/121043_s0a0_p6-0/Ctrl_Agar_BlueRew_Starved_noWater_LeftRew_p6-0_80fps.mp4
